<?xml version="1.0" encoding="UTF-8"?>
<testsuite xmlns:xsi="http://www.w3.org/2001/XMLSchema-instance" xsi:noNamespaceSchemaLocation="https://maven.apache.org/surefire/maven-surefire-plugin/xsd/surefire-test-report.xsd" name="TestDeck" time="0.001" tests="5" errors="0" skipped="0" failures="0">
  <properties>
[...]
</properties>
  <testcase name="addEmptyCard" classname="TestDeck" time="0"/>
  <testcase name="addInvalidCountry" classname="TestDeck" time="0"/>
  <testcase name="addInvalidArmyType" classname="TestDeck" time="0"/>
  <testcase name="addNullCard" classname="TestDeck" time="0"/>
  <testcase name="testShuffle" classname="TestDeck" time="0"/>
</testsuite>